Determining if the pthread_create exist failed with the following output:
Change Dir: /home/hans/Documents/opencv_workspace/reconstruction_sift/build/CMakeFiles/CMakeTmp

Run Build Command:"/usr/bin/make" "cmTC_10b3a/fast"
/usr/bin/make -f CMakeFiles/cmTC_10b3a.dir/build.make CMakeFiles/cmTC_10b3a.dir/build
make[1]: Entering directory '/home/hans/Documents/opencv_workspace/reconstruction_sift/build/CMakeFiles/CMakeTmp'
Building C object CMakeFiles/cmTC_10b3a.dir/CheckSymbolExists.c.o
/usr/bin/cc     -o CMakeFiles/cmTC_10b3a.dir/CheckSymbolExists.c.o   -c /home/hans/Documents/opencv_workspace/reconstruction_sift/build/CMakeFiles/CMakeTmp/CheckSymbolExists.c
Linking C executable cmTC_10b3a
/usr/bin/cmake -E cmake_link_script CMakeFiles/cmTC_10b3a.dir/link.txt --verbose=1
/usr/bin/cc       CMakeFiles/cmTC_10b3a.dir/CheckSymbolExists.c.o  -o cmTC_10b3a -rdynamic 
CMakeFiles/cmTC_10b3a.dir/CheckSymbolExists.c.o: In function `main':
CheckSymbolExists.c:(.text+0x16): undefined reference to `pthread_create'
collect2: error: ld returned 1 exit status
CMakeFiles/cmTC_10b3a.dir/build.make:97: recipe for target 'cmTC_10b3a' failed
make[1]: *** [cmTC_10b3a] Error 1
make[1]: Leaving directory '/home/hans/Documents/opencv_workspace/reconstruction_sift/build/CMakeFiles/CMakeTmp'
Makefile:126: recipe for target 'cmTC_10b3a/fast' failed
make: *** [cmTC_10b3a/fast] Error 2

File /home/hans/Documents/opencv_workspace/reconstruction_sift/build/CMakeFiles/CMakeTmp/CheckSymbolExists.c:
/* */
#include <pthread.h>

int main(int argc, char** argv)
{
  (void)argv;
#ifndef pthread_create
  return ((int*)(&pthread_create))[argc];
#else
  (void)argc;
  return 0;
#endif
}

Determining if the function pthread_create exists in the pthreads failed with the following output:
Change Dir: /home/hans/Documents/opencv_workspace/reconstruction_sift/build/CMakeFiles/CMakeTmp

Run Build Command:"/usr/bin/make" "cmTC_35d62/fast"
/usr/bin/make -f CMakeFiles/cmTC_35d62.dir/build.make CMakeFiles/cmTC_35d62.dir/build
make[1]: Entering directory '/home/hans/Documents/opencv_workspace/reconstruction_sift/build/CMakeFiles/CMakeTmp'
Building C object CMakeFiles/cmTC_35d62.dir/CheckFunctionExists.c.o
/usr/bin/cc    -DCHECK_FUNCTION_EXISTS=pthread_create   -o CMakeFiles/cmTC_35d62.dir/CheckFunctionExists.c.o   -c /usr/share/cmake-3.5/Modules/CheckFunctionExists.c
Linking C executable cmTC_35d62
/usr/bin/cmake -E cmake_link_script CMakeFiles/cmTC_35d62.dir/link.txt --verbose=1
/usr/bin/cc   -DCHECK_FUNCTION_EXISTS=pthread_create    CMakeFiles/cmTC_35d62.dir/CheckFunctionExists.c.o  -o cmTC_35d62 -rdynamic -lpthreads 
/usr/bin/ld: cannot find -lpthreads
collect2: error: ld returned 1 exit status
CMakeFiles/cmTC_35d62.dir/build.make:97: recipe for target 'cmTC_35d62' failed
make[1]: *** [cmTC_35d62] Error 1
make[1]: Leaving directory '/home/hans/Documents/opencv_workspace/reconstruction_sift/build/CMakeFiles/CMakeTmp'
Makefile:126: recipe for target 'cmTC_35d62/fast' failed
make: *** [cmTC_35d62/fast] Error 2


